<?xml version="1.0" encoding="UTF-8"?>
<!-- Generated by org.testng.reporters.JUnitReportReporter -->
<testsuite hostname="LAPTOP-JCNGABEJ" failures="0" tests="4" name="com.qa.hubspot.tests.RegisterPageTest" time="5.701" errors="0" timestamp="2021-11-24T10:40:39 CST" skipped="0">
  <testcase classname="com.qa.hubspot.tests.RegisterPageTest" name="userRegistrationTest" time="2.409"/>
  <system-out/>
  <testcase classname="com.qa.hubspot.tests.RegisterPageTest" name="userRegistrationTest" time="1.212"/>
  <system-out/>
  <testcase classname="com.qa.hubspot.tests.RegisterPageTest" name="userRegistrationTest" time="1.127"/>
  <system-out/>
  <testcase classname="com.qa.hubspot.tests.RegisterPageTest" name="userRegistrationTest" time="0.953"/>
  <system-out/>
</testsuite> <!-- com.qa.hubspot.tests.RegisterPageTest -->
