<?xml version="1.0" encoding="UTF-8"?>
<!-- Generated by org.testng.reporters.JUnitReportReporter -->
<testsuite hostname="LAPTOP-JCNGABEJ" failures="0" tests="3" name="com.qa.hubspot.tests.LoginPageTest" time="2.132" errors="0" timestamp="2021-11-13T07:39:34 CST" skipped="0">
  <testcase classname="com.qa.hubspot.tests.LoginPageTest" name="verifyLoginPageTitleTest" time="0.559"/>
  <system-out/>
  <testcase classname="com.qa.hubspot.tests.LoginPageTest" name="verifyForgorPasswordLinkTest" time="0.210"/>
  <system-out/>
  <testcase classname="com.qa.hubspot.tests.LoginPageTest" name="loginTest" time="1.363"/>
  <system-out/>
</testsuite> <!-- com.qa.hubspot.tests.LoginPageTest -->
