<?xml version="1.0" encoding="UTF-8"?>
<!-- Generated by org.testng.reporters.JUnitReportReporter -->
<testsuite hostname="LAPTOP-JCNGABEJ" failures="0" tests="4" name="com.qa.hubspot.tests.RegisterPageTest" time="7.597" errors="0" timestamp="2021-11-13T07:39:34 CST" skipped="0">
  <testcase classname="com.qa.hubspot.tests.RegisterPageTest" name="userRegistrationTest" time="3.274"/>
  <system-out/>
  <testcase classname="com.qa.hubspot.tests.RegisterPageTest" name="userRegistrationTest" time="0.944"/>
  <system-out/>
  <testcase classname="com.qa.hubspot.tests.RegisterPageTest" name="userRegistrationTest" time="1.189"/>
  <system-out/>
  <testcase classname="com.qa.hubspot.tests.RegisterPageTest" name="userRegistrationTest" time="2.190"/>
  <system-out/>
</testsuite> <!-- com.qa.hubspot.tests.RegisterPageTest -->
