<?xml version="1.0" encoding="UTF-8"?>
<!-- Generated by org.testng.reporters.JUnitReportReporter -->
<testsuite hostname="LAPTOP-JCNGABEJ" failures="0" tests="3" name="com.qa.hubspot.tests.LoginPageTest" time="12.951" errors="0" timestamp="2021-11-26T09:39:21 CST" skipped="0">
  <testcase classname="com.qa.hubspot.tests.LoginPageTest" name="verifyLoginPageTitleTest" time="0.990"/>
  <system-out/>
  <testcase classname="com.qa.hubspot.tests.LoginPageTest" name="verifyForgorPasswordLinkTest" time="2.958"/>
  <system-out/>
  <testcase classname="com.qa.hubspot.tests.LoginPageTest" name="loginTest" time="9.003"/>
  <system-out/>
</testsuite> <!-- com.qa.hubspot.tests.LoginPageTest -->
